<?xml version="1.0" encoding="UTF-8"?>
<testsuite name="FoxHoundUIBasicTest" tests="1" skipped="0" failures="0" errors="0" timestamp="2020-02-10T15:02:49" hostname="Ruibo-Zhang-2.local" time="0.005">
  <properties/>
  <testcase name="testDisplayBoard" classname="FoxHoundUIBasicTest" time="0.005"/>
  <system-out><![CDATA[]]></system-out>
  <system-err><![CDATA[]]></system-err>
</testsuite>
